2021-05-03 09:42:56,108 : INFO : Basiclogger : 66.66666666666667
2021-05-03 09:42:56,108 : INFO : Basiclogger : 33.333333333333336
2021-05-03 09:43:07,833 : INFO : Basiclogger : 2
2021-05-03 09:43:07,849 : INFO : Basiclogger : 2
2021-05-03 09:43:07,849 : INFO : Basiclogger : 2
2021-05-03 09:44:11,785 : INFO : Basiclogger : 1.0
2021-05-03 09:44:11,786 : INFO : Basiclogger : 1.5
2021-05-03 09:44:11,786 : INFO : Basiclogger : 1.8333333333333333
2021-05-03 09:44:11,786 : INFO : Basiclogger : 2.083333333333333
2021-05-03 09:44:11,786 : INFO : Basiclogger : 2.283333333333333
2021-05-03 09:44:41,058 : INFO : Basiclogger : is a Leap Year
2021-05-03 09:44:41,058 : INFO : Basiclogger : 2016
2021-05-03 09:45:50,478 : INFO : Basiclogger : 1
2021-05-03 09:45:50,479 : INFO : Basiclogger : 2
2021-05-03 09:45:50,479 : INFO : Basiclogger : 4
2021-05-03 09:45:50,479 : INFO : Basiclogger : 8
2021-05-03 09:45:50,479 : INFO : Basiclogger : 16
2021-05-03 09:45:50,479 : INFO : Basiclogger : 32
2021-05-03 09:45:50,479 : INFO : Basiclogger : 64
2021-05-03 09:45:50,480 : INFO : Basiclogger : 128
2021-05-03 09:45:50,480 : INFO : Basiclogger : 256
2021-05-03 09:45:50,480 : INFO : Basiclogger : 512
2021-05-03 09:45:50,480 : INFO : Basiclogger : 1024
2021-05-03 09:45:50,480 : INFO : Basiclogger : 2048
2021-05-03 09:45:50,480 : INFO : Basiclogger : 4096
2021-05-03 09:45:50,480 : INFO : Basiclogger : 8192
2021-05-03 09:45:50,480 : INFO : Basiclogger : 16384
2021-05-03 09:45:50,480 : INFO : Basiclogger : 32768
2021-05-03 09:45:50,480 : INFO : Basiclogger : 65536
2021-05-03 09:45:50,480 : INFO : Basiclogger : 131072
2021-05-03 09:45:50,480 : INFO : Basiclogger : 262144
2021-05-03 09:45:50,480 : INFO : Basiclogger : 524288
2021-05-03 09:45:50,480 : INFO : Basiclogger : 1048576
2021-05-03 09:45:50,480 : INFO : Basiclogger : 2097152
2021-05-03 09:45:50,480 : INFO : Basiclogger : 4194304
2021-05-03 09:45:50,480 : INFO : Basiclogger : 8388608
2021-05-03 09:45:50,480 : INFO : Basiclogger : 16777216
2021-05-03 09:46:10,286 : INFO : Basiclogger : Hello vishnu, How are you?
2021-05-03 10:09:38,751 : INFO : Basiclogger : 1
2021-05-03 10:09:38,751 : INFO : Basiclogger : 2
2021-05-03 10:09:38,752 : INFO : Basiclogger : 4
2021-05-03 10:09:38,752 : INFO : Basiclogger : 8
2021-05-03 10:09:38,752 : INFO : Basiclogger : 16
2021-05-03 10:09:38,752 : INFO : Basiclogger : 32
2021-05-03 10:09:38,752 : INFO : Basiclogger : 64
2021-05-03 10:09:38,752 : INFO : Basiclogger : 128
2021-05-03 10:09:38,753 : INFO : Basiclogger : 256
2021-05-03 10:09:38,753 : INFO : Basiclogger : 512
2021-05-03 10:09:38,753 : INFO : Basiclogger : 1024
2021-05-03 10:09:38,753 : INFO : Basiclogger : 2048
2021-05-03 10:09:38,753 : INFO : Basiclogger : 4096
2021-05-03 10:09:38,754 : INFO : Basiclogger : 8192
2021-05-03 10:09:38,754 : INFO : Basiclogger : 16384
2021-05-03 10:09:38,754 : INFO : Basiclogger : 32768
2021-05-03 10:09:38,754 : INFO : Basiclogger : 65536
2021-05-03 10:09:38,754 : INFO : Basiclogger : 131072
2021-05-03 10:09:38,754 : INFO : Basiclogger : 262144
2021-05-03 10:09:38,754 : INFO : Basiclogger : 524288
2021-05-03 10:09:38,754 : INFO : Basiclogger : 1048576
2021-05-03 10:09:38,754 : INFO : Basiclogger : 2097152
2021-05-03 10:09:38,754 : INFO : Basiclogger : 4194304
2021-05-03 10:09:38,754 : INFO : Basiclogger : 8388608
2021-05-03 10:09:38,754 : INFO : Basiclogger : 16777216
2021-05-03 11:38:09,603 : INFO : Basiclogger : 2
2021-05-03 11:38:09,603 : INFO : Basiclogger : 3.0
2021-05-03 11:38:23,020 : INFO : Basiclogger : 44.44444444444444
2021-05-03 11:38:23,020 : INFO : Basiclogger : 55.55555555555556
2021-05-03 11:38:34,557 : INFO : Basiclogger : 1.0
2021-05-03 11:38:34,557 : INFO : Basiclogger : 1.5
2021-05-03 11:38:34,557 : INFO : Basiclogger : 1.8333333333333333
2021-05-03 11:38:34,558 : INFO : Basiclogger : 2.083333333333333
2021-05-03 11:38:34,558 : INFO : Basiclogger : 2.283333333333333
2021-05-03 11:38:48,671 : INFO : Basiclogger : is not a Leap Year
2021-05-03 11:38:48,671 : INFO : Basiclogger : 2018
2021-05-03 11:38:58,865 : INFO : Basiclogger : 1
2021-05-03 11:38:58,865 : INFO : Basiclogger : 2
2021-05-03 11:38:58,866 : INFO : Basiclogger : 4
2021-05-03 11:38:58,866 : INFO : Basiclogger : 8
2021-05-03 11:38:58,866 : INFO : Basiclogger : 16
2021-05-03 11:38:58,866 : INFO : Basiclogger : 32
2021-05-03 11:38:58,866 : INFO : Basiclogger : 64
2021-05-03 11:38:58,866 : INFO : Basiclogger : 128
2021-05-03 11:38:58,866 : INFO : Basiclogger : 256
2021-05-03 11:38:58,867 : INFO : Basiclogger : 512
2021-05-03 11:38:58,867 : INFO : Basiclogger : 1024
2021-05-03 11:38:58,867 : INFO : Basiclogger : 2048
2021-05-03 11:38:58,867 : INFO : Basiclogger : 4096
2021-05-03 11:38:58,867 : INFO : Basiclogger : 8192
2021-05-03 11:38:58,867 : INFO : Basiclogger : 16384
2021-05-03 11:38:58,867 : INFO : Basiclogger : 32768
2021-05-03 11:38:58,867 : INFO : Basiclogger : 65536
2021-05-03 11:38:58,867 : INFO : Basiclogger : 131072
2021-05-03 11:38:58,867 : INFO : Basiclogger : 262144
2021-05-03 11:38:58,867 : INFO : Basiclogger : 524288
2021-05-03 11:38:58,867 : INFO : Basiclogger : 1048576
2021-05-03 11:38:58,867 : INFO : Basiclogger : 2097152
2021-05-03 11:38:58,867 : INFO : Basiclogger : 4194304
2021-05-03 11:38:58,867 : INFO : Basiclogger : 8388608
2021-05-03 11:38:58,867 : INFO : Basiclogger : 16777216
2021-05-03 11:39:10,829 : INFO : Basiclogger : Hello vishnu, How are you?
